<?xml version="1.0" encoding="UTF-8"?>
<testng-results ignored="0" total="1" passed="1" failed="0" skipped="0">
  <reporter-output>
  </reporter-output>
  <suite started-at="2024-04-02T17:35:54 IST" name="Default suite" finished-at="2024-04-02T17:36:33 IST" duration-ms="39390">
    <groups>
    </groups>
    <test started-at="2024-04-02T17:35:54 IST" name="Default test" finished-at="2024-04-02T17:36:33 IST" duration-ms="39390">
      <class name="testCases.testcase1">
        <test-method is-config="true" signature="setup()[pri:0, instance:testCases.testcase1@815b41f]" started-at="2024-04-02T17:35:54 IST" name="setup" finished-at="2024-04-02T17:36:09 IST" duration-ms="15653" status="PASS">
          <reporter-output>
          </reporter-output>
        </test-method> <!-- setup -->
        <test-method signature="test()[pri:0, instance:testCases.testcase1@815b41f]" started-at="2024-04-02T17:36:09 IST" name="test" finished-at="2024-04-02T17:36:33 IST" duration-ms="23690" status="PASS">
          <reporter-output>
          </reporter-output>
        </test-method> <!-- test -->
      </class> <!-- testCases.testcase1 -->
    </test> <!-- Default test -->
  </suite> <!-- Default suite -->
</testng-results>
